<?xml version="1.0" encoding="UTF-8"?>
<!-- Generated by org.testng.reporters.JUnitReportReporter -->
<testsuite hostname="-PC" failures="0" tests="1" name="com.testcases.TrackOrderTestCase" time="64.685" errors="0" timestamp="2024-01-18T03:09:41 IST" skipped="0">
  <testcase classname="com.testcases.TrackOrderTestCase" name="TrackorderValidation" time="64.685"/>
</testsuite> <!-- com.testcases.TrackOrderTestCase -->
